{"/Users/umer.mohammad/Documents/kata/index.js": {"path":"/Users/umer.mohammad/Documents/kata/index.js","statementMap":{"0":{"start":{"line":1,"column":15},"end":{"line":5,"column":1}},"1":{"start":{"line":7,"column":17},"end":{"line":13,"column":1}},"2":{"start":{"line":15,"column":0},"end":{"line":29,"column":2}},"3":{"start":{"line":16,"column":21},"end":{"line":16,"column":22}},"4":{"start":{"line":18,"column":16},"end":{"line":18,"column":34}},"5":{"start":{"line":18,"column":22},"end":{"line":18,"column":34}},"6":{"start":{"line":20,"column":15},"end":{"line":23,"column":3}},"7":{"start":{"line":21,"column":4},"end":{"line":21,"column":36}},"8":{"start":{"line":22,"column":4},"end":{"line":22,"column":19}},"9":{"start":{"line":25,"column":2},"end":{"line":28,"column":4}}},"fnMap":{"0":{"name":"(anonymous_0)","decl":{"start":{"line":15,"column":17},"end":{"line":15,"column":18}},"loc":{"start":{"line":15,"column":23},"end":{"line":29,"column":1}},"line":15},"1":{"name":"(anonymous_1)","decl":{"start":{"line":18,"column":16},"end":{"line":18,"column":17}},"loc":{"start":{"line":18,"column":22},"end":{"line":18,"column":34}},"line":18},"2":{"name":"(anonymous_2)","decl":{"start":{"line":20,"column":15},"end":{"line":20,"column":16}},"loc":{"start":{"line":20,"column":26},"end":{"line":23,"column":3}},"line":20}},"branchMap":{},"s":{"0":1,"1":1,"2":1,"3":4,"4":4,"5":6,"6":4,"7":5,"8":5,"9":4},"f":{"0":4,"1":6,"2":5},"b":{},"_coverageSchema":"332fd63041d2c1bcb487cc26dd0d5f7d97098a6c","hash":"ce2d9fb566ab456faa0a01e5fa6fd5be12875ce8"}
}
